<?xml version="1.0" encoding="UTF-8"?>
<testng-results skipped="0" failed="0" ignored="0" total="1" passed="1">
  <reporter-output>
  </reporter-output>
  <suite name="Default suite" duration-ms="26" started-at="2018-07-10T06:51:38Z" finished-at="2018-07-10T06:51:38Z">
    <groups>
    </groups>
    <test name="Default test" duration-ms="26" started-at="2018-07-10T06:51:38Z" finished-at="2018-07-10T06:51:38Z">
      <class name="com.qainfotech.in.HelloWorld.NewTest">
        <test-method status="PASS" signature="Krishna()[pri:0, instance:com.qainfotech.in.HelloWorld.NewTest@28feb3fa]" name="Krishna" duration-ms="7" started-at="2018-07-10T06:51:38Z" finished-at="2018-07-10T06:51:38Z">
          <reporter-output>
          </reporter-output>
        </test-method> <!-- Krishna -->
      </class> <!-- com.qainfotech.in.HelloWorld.NewTest -->
    </test> <!-- Default test -->
  </suite> <!-- Default suite -->
</testng-results>
